[INFO ] 2022-10-03 00:13:56 [main] Application [55] - Starting Application using Java 11.0.8 on MacBook-Pro-de-Francisco.local with PID 41551 (/Volumes/francisco/desarrolloSW/java/mube/mube-back/target/classes started by francisco in /Volumes/francisco/desarrolloSW/java/mube/mube-back)
[DEBUG] 2022-10-03 00:13:56 [main] Application [56] - Running with Spring Boot v2.6.4, Spring v5.3.16
[INFO ] 2022-10-03 00:13:56 [main] Application [640] - No active profile set, falling back to 1 default profile: "default"
[INFO ] 2022-10-03 00:14:12 [main] Application [61] - Started Application in 19.034 seconds (JVM running for 25.069)
[INFO ] 2022-10-03 02:28:38 [main] Application [55] - Starting Application using Java 11.0.8 on MacBook-Pro-de-Francisco.local with PID 46067 (/Volumes/francisco/desarrolloSW/java/mube/mube-back/target/classes started by francisco in /Volumes/francisco/desarrolloSW/java/mube/mube-back)
[DEBUG] 2022-10-03 02:28:38 [main] Application [56] - Running with Spring Boot v2.6.4, Spring v5.3.16
[INFO ] 2022-10-03 02:28:38 [main] Application [640] - No active profile set, falling back to 1 default profile: "default"
[INFO ] 2022-10-03 02:28:48 [main] Application [61] - Started Application in 10.985 seconds (JVM running for 14.032)
[INFO ] 2022-10-03 22:50:33 [main] Application [55] - Starting Application using Java 11.0.8 on MacBook-Pro-de-Francisco.local with PID 90799 (/Volumes/francisco/desarrolloSW/java/mube/mube-back/target/classes started by francisco in /Volumes/francisco/desarrolloSW/java/mube/mube-back)
[DEBUG] 2022-10-03 22:50:33 [main] Application [56] - Running with Spring Boot v2.6.4, Spring v5.3.16
[INFO ] 2022-10-03 22:50:33 [main] Application [640] - No active profile set, falling back to 1 default profile: "default"
[INFO ] 2022-10-03 22:50:44 [main] Application [61] - Started Application in 13.696 seconds (JVM running for 19.754)
[DEBUG] 2022-10-03 22:52:44 [http-nio-8080-exec-1] CarController [100] - c: {"brand":"kia","model":"asdasd","year":null,"kilometers":123,"price":345345,"transmission":"mec","owner":"{}","documents":"{}","equipments":"{}","indoorConditions":"{}","electricController":"{}","mechanicRevision":"{}","bodyworkEvaluation":"{}"}
[DEBUG] 2022-10-03 22:52:44 [http-nio-8080-exec-1] CarController [103] - car: com.mube.model.Car@63401388
[DEBUG] 2022-10-03 22:52:44 [http-nio-8080-exec-1] CarServiceImpl [56] - saveDataAndImages start
[INFO ] 2022-10-03 23:36:28 [main] Application [55] - Starting Application using Java 11.0.8 on MacBook-Pro-de-Francisco.local with PID 92135 (/Volumes/francisco/desarrolloSW/java/mube/mube-back/target/classes started by francisco in /Volumes/francisco/desarrolloSW/java/mube/mube-back)
[DEBUG] 2022-10-03 23:36:28 [main] Application [56] - Running with Spring Boot v2.6.4, Spring v5.3.16
[INFO ] 2022-10-03 23:36:28 [main] Application [640] - No active profile set, falling back to 1 default profile: "default"
[INFO ] 2022-10-03 23:36:36 [main] Application [61] - Started Application in 9.764 seconds (JVM running for 12.75)
[DEBUG] 2022-10-03 23:37:33 [http-nio-8080-exec-1] CarController [100] - c: {"brand":"kia","model":"asdasd","year":null,"kilometers":123,"price":345345,"transmission":"mec","owner":"{}","documents":"{}","equipments":"{}","indoorConditions":"{}","electricController":"{}","mechanicRevision":"{}","bodyworkEvaluation":"{}"}
[DEBUG] 2022-10-03 23:37:33 [http-nio-8080-exec-1] CarController [103] - car: com.mube.model.Car@2f30f080
[DEBUG] 2022-10-03 23:37:33 [http-nio-8080-exec-1] CarServiceImpl [56] - saveDataAndImages start
[INFO ] 2022-10-03 23:52:35 [main] Application [55] - Starting Application using Java 11.0.8 on MacBook-Pro-de-Francisco.local with PID 92670 (/Volumes/francisco/desarrolloSW/java/mube/mube-back/target/classes started by francisco in /Volumes/francisco/desarrolloSW/java/mube/mube-back)
[DEBUG] 2022-10-03 23:52:35 [main] Application [56] - Running with Spring Boot v2.6.4, Spring v5.3.16
[INFO ] 2022-10-03 23:52:35 [main] Application [640] - No active profile set, falling back to 1 default profile: "default"
[INFO ] 2022-10-03 23:52:47 [main] Application [61] - Started Application in 13.574 seconds (JVM running for 16.772)
[DEBUG] 2022-10-03 23:55:07 [http-nio-8080-exec-3] CarController [100] - c: {"brand":"Lada","model":"asdasd","year":2020,"kilometers":123,"price":111,"transmission":"Mec","owner":"{}","documents":"{}","equipments":"{}","indoorConditions":"{}","electricController":"{}","mechanicRevision":"{}","bodyworkEvaluation":"{}"}
[DEBUG] 2022-10-03 23:55:07 [http-nio-8080-exec-3] CarController [103] - car: com.mube.model.Car@37b6fcf2
[DEBUG] 2022-10-03 23:55:07 [http-nio-8080-exec-3] CarServiceImpl [56] - saveDataAndImages start
